{"contracts/Raffle.sol":{"l":{"55":3,"56":3,"57":3,"58":3,"59":3,"60":3,"61":3,"62":3,"66":5,"67":1,"70":4,"71":1,"74":3,"76":3,"93":1,"94":1,"95":1,"96":1,"97":1,"102":1,"103":1,"104":0,"111":1,"112":1,"119":1,"126":0,"127":0,"128":0,"129":0,"130":0,"131":0,"132":0,"134":0,"135":0,"137":0,"141":5,"145":0,"149":1,"153":1,"158":0,"162":5,"166":5},"path":"/home/ethakash/BlockchainDev/hardhat-lottery/contracts/Raffle.sol","s":{"1":5,"2":4,"3":3,"4":3,"5":1,"6":1,"7":1,"8":1,"9":1,"10":1,"11":1,"12":1,"13":0,"14":0,"15":0,"16":0,"17":0,"18":5,"19":0,"20":1,"21":1,"22":0,"23":5,"24":5},"b":{"1":[1,4],"2":[1,3],"3":[0,1],"4":[0,0]},"f":{"1":3,"2":5,"3":1,"4":1,"5":0,"6":5,"7":0,"8":1,"9":1,"10":0,"11":5,"12":5},"fnMap":{"1":{"name":"constructor","line":54,"loc":{"start":{"line":47,"column":4},"end":{"line":63,"column":4}}},"2":{"name":"enterRaffle","line":65,"loc":{"start":{"line":65,"column":4},"end":{"line":77,"column":4}}},"3":{"name":"checkUpkeep","line":90,"loc":{"start":{"line":90,"column":4},"end":{"line":99,"column":4}}},"4":{"name":"performUpkeep","line":101,"loc":{"start":{"line":101,"column":4},"end":{"line":120,"column":4}}},"5":{"name":"fulfillRandomWords","line":122,"loc":{"start":{"line":122,"column":4},"end":{"line":138,"column":4}}},"6":{"name":"getEntranceFee","line":140,"loc":{"start":{"line":140,"column":4},"end":{"line":142,"column":4}}},"7":{"name":"getRecentWinner","line":144,"loc":{"start":{"line":144,"column":4},"end":{"line":146,"column":4}}},"8":{"name":"getPlayer","line":148,"loc":{"start":{"line":148,"column":4},"end":{"line":150,"column":4}}},"9":{"name":"getRaffleState","line":152,"loc":{"start":{"line":152,"column":4},"end":{"line":154,"column":4}}},"10":{"name":"getNumWords","line":157,"loc":{"start":{"line":157,"column":4},"end":{"line":159,"column":4}}},"11":{"name":"getInterval","line":161,"loc":{"start":{"line":161,"column":4},"end":{"line":163,"column":4}}},"12":{"name":"getSubscriptionId","line":165,"loc":{"start":{"line":165,"column":4},"end":{"line":167,"column":4}}}},"statementMap":{"1":{"start":{"line":66,"column":8},"end":{"line":66,"column":2235}},"2":{"start":{"line":70,"column":8},"end":{"line":70,"column":2337}},"3":{"start":{"line":74,"column":8},"end":{"line":74,"column":42}},"4":{"start":{"line":76,"column":8},"end":{"line":76,"column":36}},"5":{"start":{"line":93,"column":8},"end":{"line":93,"column":57}},"6":{"start":{"line":94,"column":8},"end":{"line":94,"column":76}},"7":{"start":{"line":95,"column":8},"end":{"line":95,"column":48}},"8":{"start":{"line":96,"column":8},"end":{"line":96,"column":53}},"9":{"start":{"line":102,"column":8},"end":{"line":102,"column":47}},"10":{"start":{"line":103,"column":8},"end":{"line":103,"column":3799}},"11":{"start":{"line":112,"column":8},"end":{"line":112,"column":4094}},"12":{"start":{"line":119,"column":8},"end":{"line":119,"column":43}},"13":{"start":{"line":126,"column":8},"end":{"line":126,"column":62}},"14":{"start":{"line":127,"column":8},"end":{"line":127,"column":63}},"15":{"start":{"line":132,"column":8},"end":{"line":132,"column":78}},"16":{"start":{"line":134,"column":8},"end":{"line":134,"column":4867}},"17":{"start":{"line":137,"column":8},"end":{"line":137,"column":39}},"18":{"start":{"line":141,"column":8},"end":{"line":141,"column":28}},"19":{"start":{"line":145,"column":8},"end":{"line":145,"column":29}},"20":{"start":{"line":149,"column":8},"end":{"line":149,"column":31}},"21":{"start":{"line":153,"column":8},"end":{"line":153,"column":28}},"22":{"start":{"line":158,"column":8},"end":{"line":158,"column":24}},"23":{"start":{"line":162,"column":8},"end":{"line":162,"column":25}},"24":{"start":{"line":166,"column":8},"end":{"line":166,"column":31}}},"branchMap":{"1":{"line":66,"type":"if","locations":[{"start":{"line":66,"column":8},"end":{"line":66,"column":8}},{"start":{"line":66,"column":8},"end":{"line":66,"column":8}}]},"2":{"line":70,"type":"if","locations":[{"start":{"line":70,"column":8},"end":{"line":70,"column":8}},{"start":{"line":70,"column":8},"end":{"line":70,"column":8}}]},"3":{"line":103,"type":"if","locations":[{"start":{"line":103,"column":8},"end":{"line":103,"column":8}},{"start":{"line":103,"column":8},"end":{"line":103,"column":8}}]},"4":{"line":134,"type":"if","locations":[{"start":{"line":134,"column":8},"end":{"line":134,"column":8}},{"start":{"line":134,"column":8},"end":{"line":134,"column":8}}]}}},"contracts/test/VRFCoordinatorV2Mock.sol":{"l":{},"path":"/home/ethakash/BlockchainDev/hardhat-lottery/contracts/test/VRFCoordinatorV2Mock.sol","s":{},"b":{},"f":{},"fnMap":{},"statementMap":{},"branchMap":{}}}