TN:
SF:/home/ethakash/BlockchainDev/hardhat-lottery/contracts/Raffle.sol
FN:54,constructor
FN:65,enterRaffle
FN:90,checkUpkeep
FN:101,performUpkeep
FN:122,fulfillRandomWords
FN:140,getEntranceFee
FN:144,getRecentWinner
FN:148,getPlayer
FN:152,getRaffleState
FN:157,getNumWords
FN:161,getInterval
FN:165,getSubscriptionId
FNF:12
FNH:9
FNDA:3,constructor
FNDA:5,enterRaffle
FNDA:1,checkUpkeep
FNDA:1,performUpkeep
FNDA:0,fulfillRandomWords
FNDA:5,getEntranceFee
FNDA:0,getRecentWinner
FNDA:1,getPlayer
FNDA:1,getRaffleState
FNDA:0,getNumWords
FNDA:5,getInterval
FNDA:5,getSubscriptionId
DA:55,3
DA:56,3
DA:57,3
DA:58,3
DA:59,3
DA:60,3
DA:61,3
DA:62,3
DA:66,5
DA:67,1
DA:70,4
DA:71,1
DA:74,3
DA:76,3
DA:93,1
DA:94,1
DA:95,1
DA:96,1
DA:97,1
DA:102,1
DA:103,1
DA:104,0
DA:111,1
DA:112,1
DA:119,1
DA:126,0
DA:127,0
DA:128,0
DA:129,0
DA:130,0
DA:131,0
DA:132,0
DA:134,0
DA:135,0
DA:137,0
DA:141,5
DA:145,0
DA:149,1
DA:153,1
DA:158,0
DA:162,5
DA:166,5
LF:42
LH:29
BRDA:66,1,0,1
BRDA:66,1,1,4
BRDA:70,2,0,1
BRDA:70,2,1,3
BRDA:103,3,0,0
BRDA:103,3,1,1
BRDA:134,4,0,0
BRDA:134,4,1,0
BRF:8
BRH:5
end_of_record
TN:
SF:/home/ethakash/BlockchainDev/hardhat-lottery/contracts/test/VRFCoordinatorV2Mock.sol
FNF:0
FNH:0
LF:0
LH:0
BRF:0
BRH:0
end_of_record
